2024-06-08T09:45:35.986+07:00  INFO 25528 --- [restartedMain] c.shopme.admin.ShopmeBackEndApplication  : Starting ShopmeBackEndApplication using Java 21.0.2 with PID 25528 (C:\Project\SpringBoot_Project\ShopmeE\ShopmeProject\ShopmeWebParent\ShopmeBackEnd\target\classes started by phant in C:\Project\SpringBoot_Project\ShopmeE\ShopmeProject\ShopmeWebParent\ShopmeBackEnd)
2024-06-08T09:45:35.987+07:00 DEBUG 25528 --- [restartedMain] c.shopme.admin.ShopmeBackEndApplication  : Running with Spring Boot v3.2.5, Spring v6.1.6
2024-06-08T09:45:35.987+07:00  INFO 25528 --- [restartedMain] c.shopme.admin.ShopmeBackEndApplication  : No active profile set, falling back to 1 default profile: "default"
2024-06-08T09:45:36.205+07:00  WARN 25528 --- [restartedMain] org.hibernate.orm.deprecation            : HHH90000025: MySQL8Dialect does not need to be specified explicitly using 'hibernate.dialect' (remove the property setting and it will be selected by default)
2024-06-08T09:45:36.205+07:00  WARN 25528 --- [restartedMain] org.hibernate.orm.deprecation            : HHH90000026: MySQL8Dialect has been deprecated; use org.hibernate.dialect.MySQLDialect instead
2024-06-08T09:45:36.324+07:00  WARN 25528 --- [restartedMain] JpaBaseConfiguration$JpaWebConfiguration : spring.jpa.open-in-view is enabled by default. Therefore, database queries may be performed during view rendering. Explicitly configure spring.jpa.open-in-view to disable this warning
2024-06-08T09:45:36.496+07:00  WARN 25528 --- [restartedMain] o.s.s.c.a.web.builders.WebSecurity       : You are asking Spring Security to ignore Mvc [pattern='/images/**']. This is not recommended -- please use permitAll via HttpSecurity#authorizeHttpRequests instead.
2024-06-08T09:45:36.496+07:00  WARN 25528 --- [restartedMain] o.s.s.c.a.web.builders.WebSecurity       : You are asking Spring Security to ignore Mvc [pattern='/fontawesome/**']. This is not recommended -- please use permitAll via HttpSecurity#authorizeHttpRequests instead.
2024-06-08T09:45:36.496+07:00  WARN 25528 --- [restartedMain] o.s.s.c.a.web.builders.WebSecurity       : You are asking Spring Security to ignore Mvc [pattern='/js/**']. This is not recommended -- please use permitAll via HttpSecurity#authorizeHttpRequests instead.
2024-06-08T09:45:36.496+07:00  WARN 25528 --- [restartedMain] o.s.s.c.a.web.builders.WebSecurity       : You are asking Spring Security to ignore Mvc [pattern='/webjars/**']. This is not recommended -- please use permitAll via HttpSecurity#authorizeHttpRequests instead.
2024-06-08T09:45:36.514+07:00  WARN 25528 --- [restartedMain] o.thymeleaf.templatemode.TemplateMode    : [THYMELEAF][restartedMain] Unknown Template Mode 'HTML5'. Must be one of: 'HTML', 'XML', 'TEXT', 'JAVASCRIPT', 'CSS', 'RAW'. Using default Template Mode 'HTML'.
2024-06-08T09:45:36.541+07:00  INFO 25528 --- [restartedMain] c.shopme.admin.ShopmeBackEndApplication  : Started ShopmeBackEndApplication in 0.579 seconds (process running for 97.494)
2024-06-08T09:45:45.234+07:00  INFO 2200 --- [restartedMain] c.shopme.admin.ShopmeBackEndApplication  : Starting ShopmeBackEndApplication using Java 21.0.2 with PID 2200 (C:\Project\SpringBoot_Project\ShopmeE\ShopmeProject\ShopmeWebParent\ShopmeBackEnd\target\classes started by phant in C:\Project\SpringBoot_Project\ShopmeE\ShopmeProject\ShopmeWebParent\ShopmeBackEnd)
2024-06-08T09:45:45.235+07:00 DEBUG 2200 --- [restartedMain] c.shopme.admin.ShopmeBackEndApplication  : Running with Spring Boot v3.2.5, Spring v6.1.6
2024-06-08T09:45:45.236+07:00  INFO 2200 --- [restartedMain] c.shopme.admin.ShopmeBackEndApplication  : No active profile set, falling back to 1 default profile: "default"
2024-06-08T09:45:47.049+07:00  WARN 2200 --- [restartedMain] org.hibernate.orm.deprecation            : HHH90000025: MySQL8Dialect does not need to be specified explicitly using 'hibernate.dialect' (remove the property setting and it will be selected by default)
2024-06-08T09:45:47.050+07:00  WARN 2200 --- [restartedMain] org.hibernate.orm.deprecation            : HHH90000026: MySQL8Dialect has been deprecated; use org.hibernate.dialect.MySQLDialect instead
2024-06-08T09:45:48.450+07:00  WARN 2200 --- [restartedMain] JpaBaseConfiguration$JpaWebConfiguration : spring.jpa.open-in-view is enabled by default. Therefore, database queries may be performed during view rendering. Explicitly configure spring.jpa.open-in-view to disable this warning
2024-06-08T09:45:48.894+07:00  WARN 2200 --- [restartedMain] o.s.s.c.a.web.builders.WebSecurity       : You are asking Spring Security to ignore Mvc [pattern='/images/**']. This is not recommended -- please use permitAll via HttpSecurity#authorizeHttpRequests instead.
2024-06-08T09:45:48.895+07:00  WARN 2200 --- [restartedMain] o.s.s.c.a.web.builders.WebSecurity       : You are asking Spring Security to ignore Mvc [pattern='/fontawesome/**']. This is not recommended -- please use permitAll via HttpSecurity#authorizeHttpRequests instead.
2024-06-08T09:45:48.895+07:00  WARN 2200 --- [restartedMain] o.s.s.c.a.web.builders.WebSecurity       : You are asking Spring Security to ignore Mvc [pattern='/js/**']. This is not recommended -- please use permitAll via HttpSecurity#authorizeHttpRequests instead.
2024-06-08T09:45:48.895+07:00  WARN 2200 --- [restartedMain] o.s.s.c.a.web.builders.WebSecurity       : You are asking Spring Security to ignore Mvc [pattern='/webjars/**']. This is not recommended -- please use permitAll via HttpSecurity#authorizeHttpRequests instead.
2024-06-08T09:45:49.008+07:00  WARN 2200 --- [restartedMain] o.thymeleaf.templatemode.TemplateMode    : [THYMELEAF][restartedMain] Unknown Template Mode 'HTML5'. Must be one of: 'HTML', 'XML', 'TEXT', 'JAVASCRIPT', 'CSS', 'RAW'. Using default Template Mode 'HTML'.
2024-06-08T09:45:49.131+07:00  INFO 2200 --- [restartedMain] c.shopme.admin.ShopmeBackEndApplication  : Started ShopmeBackEndApplication in 4.542 seconds (process running for 5.831)
